<?xml version="1.0" encoding="UTF-8"?>
<robot generator="Robot 7.4.2 (Python 3.13.5 on win32)" generated="2026-08-03T14:48:59.320080" rpa="false" schemaversion="5">
<suite id="s1" name="Ide Generated Test" source="D:\testpgms\WPFTestAutoClaudeNew\WpfTestFramework\tests\ide_generated_test.robot">
<test id="s1-t1" name="Recorded Session Playback" line="9">
<kw name="Click Element" owner="DriverAgnosticApi">
<msg time="2026-08-03T14:48:59.361393" level="FAIL">KeyError: "Element Repository: no entry for alias 'UnknownPage.gridOrders'"</msg>
<arg>UnknownPage.gridOrders</arg>
<doc>Invokes (clicks) the element identified by `alias`.</doc>
<status status="FAIL" start="2026-08-03T14:48:59.354541" elapsed="0.007889">KeyError: "Element Repository: no entry for alias 'UnknownPage.gridOrders'"</status>
</kw>
<doc>Generated by WpfTestIde.</doc>
<status status="FAIL" start="2026-08-03T14:48:59.353837" elapsed="0.008778">KeyError: "Element Repository: no entry for alias 'UnknownPage.gridOrders'"</status>
</test>
<doc>AUTO-GENERATED by WpfTestIde — raw Layer 3 calls.
Functionally accurate but NOT YET production quality: consider
refactoring repeated sequences into Layer 2 reusable modules
before committing to the suite (see docs/RECORDER_GUIDE.md).</doc>
<status status="FAIL" start="2026-08-03T14:48:59.321596" elapsed="0.041358"/>
</suite>
<statistics>
<total>
<stat pass="0" fail="1" skip="0">All Tests</stat>
</total>
<tag>
</tag>
<suite>
<stat name="Ide Generated Test" id="s1" pass="0" fail="1" skip="0">Ide Generated Test</stat>
</suite>
</statistics>
<errors>
</errors>
</robot>
